<?xml version="1.0" encoding="utf-8"?><testsuites name="pytest tests"><testsuite name="pytest" errors="0" failures="0" skipped="0" tests="29" time="8.177" timestamp="2026-01-21T13:56:10.340985+08:00" hostname="adamyang"><testcase classname="tests.test_base_spider" name="test_parse_date_to_ts_valid_and_invalid" time="0.010" /><testcase classname="tests.test_base_spider" name="test_filter_item_secondary_and_date_range" time="0.002" /><testcase classname="tests.test_base_spider" name="test_probe_phase_noninteractive_returns_false" time="0.002" /><testcase classname="tests.test_base_spider" name="test_search_phase_collects_and_persists_results" time="2.859" /><testcase classname="tests.test_base_spider" name="test_process_details_skips_done_and_retries" time="0.004" /><testcase classname="tests.test_jiangsu_spider" name="test_parse_date_ms_defaults" time="0.005" /><testcase classname="tests.test_jiangsu_spider" name="test_preprocess_captcha" time="0.002" /><testcase classname="tests.test_jiangsu_spider" name="test_recognize_captcha_local_delegates_to_service" time="0.019" /><testcase classname="tests.test_jiangsu_spider" name="test_recognize_captcha_api_success" time="0.004" /><testcase classname="tests.test_jiangsu_spider" name="test_get_captcha_retries_until_confident" time="0.003" /><testcase classname="tests.test_jiangsu_spider" name="test_fetch_page_items_adds_detail_url" time="0.003" /><testcase classname="tests.test_jiangsu_spider" name="test_fetch_page_items_clears_captcha_on_error" time="0.003" /><testcase classname="tests.test_ocr_service" name="test_init" time="3.714" /><testcase classname="tests.test_ocr_service" name="test_recognize_captcha_success" time="0.002" /><testcase classname="tests.test_ocr_service" name="test_recognize_captcha_fail" time="0.053" /><testcase classname="tests.test_xinjiang_spider" name="test_build_search_payload_includes_filters" time="0.003" /><testcase classname="tests.test_xinjiang_spider" name="test_do_probe_request_ok" time="0.003" /><testcase classname="tests.test_xinjiang_spider" name="test_do_probe_request_slider_on_non_json" time="0.002" /><testcase classname="tests.test_xinjiang_spider" name="test_capture_captcha_images_decodes" time="0.004" /><testcase classname="tests.test_xinjiang_spider" name="test_detect_gap_distance_handles_missing_inputs" time="0.003" /><testcase classname="tests.test_xinjiang_spider" name="test_detect_gap_distance_returns_int" time="0.014" /><testcase classname="tests.test_xinjiang_spider" name="test_generate_human_track_shape" time="0.003" /><testcase classname="tests.test_xinjiang_spider" name="test_handle_slider_captcha_no_slider" time="0.517" /><testcase classname="tests.test_xinjiang_spider" name="test_extract_item_id_fallback" time="0.005" /><testcase classname="tests.test_zhejiang_spider" name="test_extract_list_items_from_known_shape" time="0.002" /><testcase classname="tests.test_zhejiang_spider" name="test_extract_list_items_fallback" time="0.002" /><testcase classname="tests.test_zhejiang_spider" name="test_extract_content_html" time="0.002" /><testcase classname="tests.test_zhejiang_spider" name="test_extract_attachment_urls" time="0.003" /><testcase classname="tests.test_zhejiang_spider" name="test_download_file_writes_content" time="0.003" /></testsuite></testsuites>